<?xml version="1.0" encoding="UTF-8"?>
<!-- Generated by org.testng.reporters.JUnitXMLReporter -->
<testsuite hostname="UX010165-TPV-A" ignored="0" name="Test" tests="4" failures="0" timestamp="21 Jul 2017 05:50:16 GMT" time="2.125" errors="0">
  <testcase name="runFeatures" time="0.991" classname="mytr.cucumber.ex.testrunner.TestNGTestRunner"/>
  <testcase name="runFeatures" time="0.001" classname="mytr.cucumber.ex.testrunner.TestNGTestRunner"/>
  <testcase name="runFeatures" time="0.003" classname="mytr.cucumber.ex.testrunner.TestNGTestRunner"/>
  <testcase name="runFeatures" time="0.001" classname="mytr.cucumber.ex.testrunner.TestNGTestRunner"/>
</testsuite> <!-- Test -->
