<?xml version="1.0" encoding="UTF-8"?>
<!-- Generated by org.testng.reporters.JUnitXMLReporter -->
<testsuite hostname="UX010165-TPV-A" ignored="0" name="Test" tests="4" failures="0" timestamp="14 Jul 2017 07:43:30 GMT" time="72.839" errors="0">
  <testcase name="runFeatures" time="0.044" classname="mytr.cucumber.ex.testrunner.TestNGTestRunner"/>
  <testcase name="runFeatures" time="64.533" classname="mytr.cucumber.ex.testrunner.TestNGTestRunner"/>
  <testcase name="runFeatures" time="0.011" classname="mytr.cucumber.ex.testrunner.TestNGTestRunner"/>
  <testcase name="runFeatures" time="0.001" classname="mytr.cucumber.ex.testrunner.TestNGTestRunner"/>
</testsuite> <!-- Test -->
